2026-06-18 09:29 AM ET Nanoleaf Nasdaq tracker started. Checking every 5 minutes during market hours.
2026-06-18 09:29 AM ET Market not open yet. Waiting...
2026-06-18 09:30 AM ET Nanoleaf Nasdaq tracker started. Checking every 5 minutes during market hours.
2026-06-18 09:30 AM ET Nasdaq UP 1.50% — setting lights to green
2026-06-18 09:30 AM ET   Lines: OK
2026-06-18 09:30 AM ET   Shapes: OK
2026-06-18 09:34 AM ET Nasdaq UP 1.26% — setting lights to green
2026-06-18 09:34 AM ET   Lines: OK
2026-06-18 09:34 AM ET   Shapes: OK
2026-06-18 09:39 AM ET Nasdaq UP 0.72% — setting lights to green
2026-06-18 09:39 AM ET   Lines: OK
2026-06-18 09:39 AM ET   Shapes: OK
2026-06-18 09:44 AM ET Nasdaq UP 0.70% — setting lights to green
2026-06-18 09:44 AM ET   Lines: OK
2026-06-18 09:44 AM ET   Shapes: OK
2026-06-18 09:49 AM ET Nasdaq UP 0.80% — setting lights to green
2026-06-18 09:49 AM ET   Lines: OK
2026-06-18 09:49 AM ET   Shapes: OK
2026-06-18 09:54 AM ET Nasdaq UP 1.01% — setting lights to green
2026-06-18 09:54 AM ET   Lines: OK
2026-06-18 09:54 AM ET   Shapes: OK
2026-06-18 09:59 AM ET Nasdaq UP 0.69% — setting lights to green
2026-06-18 09:59 AM ET   Lines: OK
2026-06-18 09:59 AM ET   Shapes: OK
2026-06-18 10:04 AM ET Nasdaq UP 0.98% — setting lights to green
2026-06-18 10:04 AM ET   Lines: OK
2026-06-18 10:04 AM ET   Shapes: OK
2026-06-18 10:09 AM ET Nasdaq UP 1.26% — setting lights to green
2026-06-18 10:09 AM ET   Lines: OK
2026-06-18 10:09 AM ET   Shapes: OK
2026-06-18 10:14 AM ET Nasdaq UP 1.12% — setting lights to green
2026-06-18 10:14 AM ET   Lines: OK
2026-06-18 10:14 AM ET   Shapes: OK
